<?xml version="1.0" encoding="UTF-8"?>
<!-- Generated by org.testng.reporters.JUnitReportReporter -->
<testsuite hostname="Saranya" failures="0" tests="4" name="runner.runnerTestNG" time="21.934" errors="0" timestamp="2025-04-02T10:24:42 IST" skipped="0">
  <testcase classname="runner.runnerTestNG" name="runScenario" time="3.242"/>
  <testcase classname="runner.runnerTestNG" name="runScenario" time="12.075"/>
  <testcase classname="runner.runnerTestNG" name="runScenario" time="3.448"/>
  <testcase classname="runner.runnerTestNG" name="runScenario" time="3.169"/>
</testsuite> <!-- runner.runnerTestNG -->
