<?xml version="1.0" encoding="UTF-8"?>
<!-- Generated by org.testng.reporters.JUnitReportReporter -->
<testsuite hostname="Saranya" failures="0" tests="4" name="runner.runnerTestNG" time="27.101" errors="0" timestamp="2025-04-02T14:59:43 IST" skipped="0">
  <testcase classname="runner.runnerTestNG" name="runScenario" time="10.737"/>
  <testcase classname="runner.runnerTestNG" name="runScenario" time="3.514"/>
  <testcase classname="runner.runnerTestNG" name="runScenario" time="6.485"/>
  <testcase classname="runner.runnerTestNG" name="runScenario" time="6.365"/>
</testsuite> <!-- runner.runnerTestNG -->
