<?xml version="1.0" encoding="UTF-8"?>
<!-- Generated by org.testng.reporters.JUnitReportReporter -->
<testsuite hostname="Saranya" failures="0" tests="1" name="runner.runnerTestNG" time="3.951" errors="0" timestamp="2025-04-02T15:18:54 IST" skipped="0">
  <testcase classname="runner.runnerTestNG" name="runScenario" time="3.951"/>
</testsuite> <!-- runner.runnerTestNG -->
