<?xml version="1.0" encoding="UTF-8"?>
<!-- Generated by org.testng.reporters.JUnitReportReporter -->
<testsuite hostname="Saranya" failures="0" tests="5" name="runner.runnerTestNG" time="29.455" errors="3" timestamp="2025-04-02T12:50:50 IST" skipped="0">
  <testcase classname="runner.runnerTestNG" name="runScenario" time="0.006">
    <error message="Cannot invoke &quot;org.openqa.selenium.WebDriver.findElement(org.openqa.selenium.By)&quot; because &quot;this.driver&quot; is null" type="java.lang.NullPointerException">
      <![CDATA[java.lang.NullPointerException: Cannot invoke "org.openqa.selenium.WebDriver.findElement(org.openqa.selenium.By)" because "this.driver" is null
at stepDefinitions.LoginStepDefSauceDemo.the_user_provides_the_invalid_username(LoginStepDefSauceDemo.java:90)
at ✽.the user provides the invalid username(file:///C:/Users/saran/git/Cucumber_demo1/Cucumber_demo1/src/test/resources/com/features/SaucedemoLogin.feature:31)
]]>
    </error>
  </testcase> <!-- runScenario -->
  <testcase classname="runner.runnerTestNG" name="runScenario" time="10.745"/>
  <testcase classname="runner.runnerTestNG" name="runScenario" time="0.154">
    <error message="Cannot invoke &quot;org.openqa.selenium.WebDriver.quit()&quot; because &quot;this.driver&quot; is null" type="java.lang.NullPointerException">
      <![CDATA[java.lang.NullPointerException: Cannot invoke "org.openqa.selenium.WebDriver.quit()" because "this.driver" is null
at stepDefinitions.LoginStepDefSauceDemo.tearup(LoginStepDefSauceDemo.java:101)
]]>
    </error>
  </testcase> <!-- runScenario -->
  <testcase classname="runner.runnerTestNG" name="runScenario" time="0.005">
    <error message="Cannot invoke &quot;org.openqa.selenium.WebDriver.findElement(org.openqa.selenium.By)&quot; because &quot;this.driver&quot; is null" type="java.lang.NullPointerException">
      <![CDATA[java.lang.NullPointerException: Cannot invoke "org.openqa.selenium.WebDriver.findElement(org.openqa.selenium.By)" because "this.driver" is null
at stepDefinitions.LoginStepDefSauceDemo.the_user_provides_the_valid_username(LoginStepDefSauceDemo.java:43)
at ✽.the user provides the valid username(file:///C:/Users/saran/git/Cucumber_demo1/Cucumber_demo1/src/test/resources/com/features/SaucedemoLogin.feature:23)
]]>
    </error>
  </testcase> <!-- runScenario -->
  <testcase classname="runner.runnerTestNG" name="runScenario" time="18.545"/>
</testsuite> <!-- runner.runnerTestNG -->
