<?xml version="1.0" encoding="UTF-8"?>
<!-- Generated by org.testng.reporters.JUnitReportReporter -->
<testsuite hostname="Saranya" failures="0" tests="4" name="runner.runnerTestNG" time="15.664" errors="0" timestamp="2025-04-02T11:13:05 IST" skipped="0">
  <testcase classname="runner.runnerTestNG" name="runScenario" time="2.647"/>
  <testcase classname="runner.runnerTestNG" name="runScenario" time="2.671"/>
  <testcase classname="runner.runnerTestNG" name="runScenario" time="2.575"/>
  <testcase classname="runner.runnerTestNG" name="runScenario" time="7.771"/>
</testsuite> <!-- runner.runnerTestNG -->
