<?xml version="1.0" encoding="UTF-8"?>
<!-- Generated by org.testng.reporters.JUnitReportReporter -->
<testsuite hostname="Saranya" failures="0" tests="8" name="runner.runnerTestNG" time="166.864" errors="0" timestamp="2025-04-02T17:13:38 IST" skipped="0">
  <testcase classname="runner.runnerTestNG" name="runScenario" time="63.456"/>
  <testcase classname="runner.runnerTestNG" name="runScenario" time="24.042"/>
  <testcase classname="runner.runnerTestNG" name="runScenario" time="16.653"/>
  <testcase classname="runner.runnerTestNG" name="runScenario" time="11.278"/>
  <testcase classname="runner.runnerTestNG" name="runScenario" time="16.782"/>
  <testcase classname="runner.runnerTestNG" name="runScenario" time="9.715"/>
  <testcase classname="runner.runnerTestNG" name="runScenario" time="8.360"/>
  <testcase classname="runner.runnerTestNG" name="runScenario" time="16.578"/>
</testsuite> <!-- runner.runnerTestNG -->
